app/build/intermediates/manifest_merge_blame_file/release/manifest-merger-blame-release-report.txt
1<?xml version="1.0" encoding="utf-8"?>
2<manifest xmlns:android="http://schemas.android.com/apk/res/android"
3    package="com.anhttvn.framesphotoart"
4    android:versionCode="5"
5    android:versionName="1.14" >
6
7    <uses-sdk
8        android:minSdkVersion="19"
8-->src\main\AndroidManifest.xml
9        android:targetSdkVersion="30" />
9-->src\main\AndroidManifest.xml
10
11    <uses-feature
11-->src\main\AndroidManifest.xml:5:5-84
12        android:name="android.hardware.camera"
12-->src\main\AndroidManifest.xml:5:19-57
13        android:required="true" />
13-->src\main\AndroidManifest.xml:5:59-82
14
15    <uses-permission android:name="android.permission.CAMERA" />
15-->src\main\AndroidManifest.xml:7:5-65
15-->src\main\AndroidManifest.xml:7:22-62
16    <uses-permission android:name="android.hardware.camera.autofocus" />
16-->src\main\AndroidManifest.xml:8:5-73
16-->src\main\AndroidManifest.xml:8:22-70
17    <uses-permission android:name="android.permission.ACCESS_NETWORK_STATE" />
17-->src\main\AndroidManifest.xml:9:5-79
17-->src\main\AndroidManifest.xml:9:22-76
18    <uses-permission android:name="android.permission.INTERNET" />
18-->src\main\AndroidManifest.xml:10:5-66
18-->src\main\AndroidManifest.xml:10:22-64
19    <uses-permission android:name="android.permission.READ_EXTERNAL_STORAGE" />
19-->src\main\AndroidManifest.xml:11:5-79
19-->src\main\AndroidManifest.xml:11:22-77
20    <uses-permission android:name="android.permission.WRITE_EXTERNAL_STORAGE" />
20-->src\main\AndroidManifest.xml:12:5-80
20-->src\main\AndroidManifest.xml:12:22-78
21    <uses-permission android:name="android.permission.ACCESS_WIFI_STATE" />
21-->src\main\AndroidManifest.xml:13:5-76
21-->src\main\AndroidManifest.xml:13:22-73
22    <uses-permission android:name="android.permission.WAKE_LOCK" />
22-->[com.google.android.gms:play-services-measurement:17.0.0] AndroidManifest.xml:25:5-68
22-->[com.google.android.gms:play-services-measurement:17.0.0] AndroidManifest.xml:25:22-65
23    <uses-permission android:name="com.google.android.finsky.permission.BIND_GET_INSTALL_REFERRER_SERVICE" /> <!-- Required by older versions of Google Play services to create IID tokens -->
23-->[com.google.android.gms:play-services-measurement:17.0.0] AndroidManifest.xml:26:5-110
23-->[com.google.android.gms:play-services-measurement:17.0.0] AndroidManifest.xml:26:22-107
24    <uses-permission android:name="com.google.android.c2dm.permission.RECEIVE" />
24-->[com.google.firebase:firebase-iid:19.0.0] AndroidManifest.xml:26:5-82
24-->[com.google.firebase:firebase-iid:19.0.0] AndroidManifest.xml:26:22-79
25
26    <application
26-->src\main\AndroidManifest.xml:14:5-55:19
27        android:allowBackup="true"
27-->src\main\AndroidManifest.xml:15:9-35
28        android:appComponentFactory="androidx.core.app.CoreComponentFactory"
28-->[androidx.core:core:1.3.1] AndroidManifest.xml:24:18-86
29        android:icon="@drawable/logo_app"
29-->src\main\AndroidManifest.xml:16:9-42
30        android:label="@string/app_name"
30-->src\main\AndroidManifest.xml:17:9-41
31        android:largeHeap="true"
31-->src\main\AndroidManifest.xml:19:9-33
32        android:supportsRtl="true"
32-->src\main\AndroidManifest.xml:18:9-35
33        android:theme="@style/AppTheme" >
33-->src\main\AndroidManifest.xml:20:9-40
34        <meta-data
34-->src\main\AndroidManifest.xml:21:9-23:69
35            android:name="com.google.android.gms.ads.APPLICATION_ID"
35-->src\main\AndroidManifest.xml:22:13-69
36            android:value="ca-app-pub-3840180634112397~7595813670" />
36-->src\main\AndroidManifest.xml:23:13-67
37
38        <activity
38-->src\main\AndroidManifest.xml:24:9-31:20
39            android:name="com.anhttvn.framesphotoart.version_2.Main_v2"
39-->src\main\AndroidManifest.xml:24:19-52
40            android:screenOrientation="portrait" >
40-->src\main\AndroidManifest.xml:25:13-49
41            <intent-filter>
41-->src\main\AndroidManifest.xml:27:13-30:29
42                <action android:name="android.intent.action.MAIN" />
42-->src\main\AndroidManifest.xml:28:17-69
42-->src\main\AndroidManifest.xml:28:25-66
43
44                <category android:name="android.intent.category.LAUNCHER" />
44-->src\main\AndroidManifest.xml:29:17-77
44-->src\main\AndroidManifest.xml:29:27-74
45            </intent-filter>
46        </activity>
47        <activity
47-->src\main\AndroidManifest.xml:32:9-34:15
48            android:name="com.anhttvn.framesphotoart.version_2.ui.Function_v2"
48-->src\main\AndroidManifest.xml:32:19-59
49            android:screenOrientation="portrait" />
49-->src\main\AndroidManifest.xml:33:13-49
50        <activity
50-->src\main\AndroidManifest.xml:35:9-37:15
51            android:name="com.anhttvn.framesphotoart.version_2.ui.PhotoArt"
51-->src\main\AndroidManifest.xml:35:19-56
52            android:screenOrientation="portrait" />
52-->src\main\AndroidManifest.xml:36:13-49
53        <activity
53-->src\main\AndroidManifest.xml:38:9-40:15
54            android:name="com.anhttvn.framesphotoart.version_2.ui.Setting_v2"
54-->src\main\AndroidManifest.xml:38:19-58
55            android:screenOrientation="portrait" />
55-->src\main\AndroidManifest.xml:39:13-49
56        <activity
56-->src\main\AndroidManifest.xml:41:9-43:15
57            android:name="com.anhttvn.framesphotoart.version_2.ui.Album_v2"
57-->src\main\AndroidManifest.xml:41:19-56
58            android:screenOrientation="portrait" />
58-->src\main\AndroidManifest.xml:42:13-49
59        <activity
59-->src\main\AndroidManifest.xml:44:9-46:15
60            android:name="com.anhttvn.framesphotoart.version_2.ui.PhotoActivity"
60-->src\main\AndroidManifest.xml:44:19-61
61            android:screenOrientation="portrait" />
61-->src\main\AndroidManifest.xml:45:13-49
62        <activity
62-->src\main\AndroidManifest.xml:47:9-49:15
63            android:name="com.anhttvn.cropphoto_anhtt.CropImageActivity"
63-->src\main\AndroidManifest.xml:47:19-79
64            android:screenOrientation="portrait" />
64-->src\main\AndroidManifest.xml:48:13-49
65        <activity
65-->src\main\AndroidManifest.xml:50:9-52:15
66            android:name="com.anhttvn.framesphotoart.ui.FrameSelect"
66-->src\main\AndroidManifest.xml:50:19-49
67            android:screenOrientation="portrait" />
67-->src\main\AndroidManifest.xml:51:13-49
68        <activity android:name="com.anhttvn.textinputlibary.Textinput" />
68-->src\main\AndroidManifest.xml:53:9-73
68-->src\main\AndroidManifest.xml:53:19-71
69
70        <!-- Include the AdActivity and InAppPurchaseActivity configChanges and themes. -->
71        <activity
71-->[com.google.android.gms:play-services-ads-lite:18.1.0] AndroidManifest.xml:29:9-33:64
72            android:name="com.google.android.gms.ads.AdActivity"
72-->[com.google.android.gms:play-services-ads-lite:18.1.0] AndroidManifest.xml:30:13-65
73            android:configChanges="keyboard|keyboardHidden|orientation|screenLayout|uiMode|screenSize|smallestScreenSize"
73-->[com.google.android.gms:play-services-ads-lite:18.1.0] AndroidManifest.xml:31:13-122
74            android:exported="false"
74-->[com.google.android.gms:play-services-ads-lite:18.1.0] AndroidManifest.xml:32:13-37
75            android:theme="@android:style/Theme.Translucent" />
75-->[com.google.android.gms:play-services-ads-lite:18.1.0] AndroidManifest.xml:33:13-61
76
77        <provider
77-->[com.google.android.gms:play-services-ads-lite:18.1.0] AndroidManifest.xml:35:9-39:39
78            android:name="com.google.android.gms.ads.MobileAdsInitProvider"
78-->[com.google.android.gms:play-services-ads-lite:18.1.0] AndroidManifest.xml:36:13-76
79            android:authorities="com.anhttvn.framesphotoart.mobileadsinitprovider"
79-->[com.google.android.gms:play-services-ads-lite:18.1.0] AndroidManifest.xml:37:13-73
80            android:exported="false"
80-->[com.google.android.gms:play-services-ads-lite:18.1.0] AndroidManifest.xml:38:13-37
81            android:initOrder="100" />
81-->[com.google.android.gms:play-services-ads-lite:18.1.0] AndroidManifest.xml:39:13-36
82
83        <receiver
83-->[com.google.android.gms:play-services-measurement:17.0.0] AndroidManifest.xml:29:9-33:20
84            android:name="com.google.android.gms.measurement.AppMeasurementReceiver"
84-->[com.google.android.gms:play-services-measurement:17.0.0] AndroidManifest.xml:30:13-85
85            android:enabled="true"
85-->[com.google.android.gms:play-services-measurement:17.0.0] AndroidManifest.xml:31:13-35
86            android:exported="false" >
86-->[com.google.android.gms:play-services-measurement:17.0.0] AndroidManifest.xml:32:13-37
87        </receiver>
88        <receiver
88-->[com.google.android.gms:play-services-measurement:17.0.0] AndroidManifest.xml:34:9-42:20
89            android:name="com.google.android.gms.measurement.AppMeasurementInstallReferrerReceiver"
89-->[com.google.android.gms:play-services-measurement:17.0.0] AndroidManifest.xml:35:13-100
90            android:enabled="true"
90-->[com.google.android.gms:play-services-measurement:17.0.0] AndroidManifest.xml:36:13-35
91            android:exported="true"
91-->[com.google.android.gms:play-services-measurement:17.0.0] AndroidManifest.xml:37:13-36
92            android:permission="android.permission.INSTALL_PACKAGES" >
92-->[com.google.android.gms:play-services-measurement:17.0.0] AndroidManifest.xml:38:13-69
93            <intent-filter>
93-->[com.google.android.gms:play-services-measurement:17.0.0] AndroidManifest.xml:39:13-41:29
94                <action android:name="com.android.vending.INSTALL_REFERRER" />
94-->[com.google.android.gms:play-services-measurement:17.0.0] AndroidManifest.xml:40:17-79
94-->[com.google.android.gms:play-services-measurement:17.0.0] AndroidManifest.xml:40:25-76
95            </intent-filter>
96        </receiver>
97
98        <service
98-->[com.google.android.gms:play-services-measurement:17.0.0] AndroidManifest.xml:44:9-47:40
99            android:name="com.google.android.gms.measurement.AppMeasurementService"
99-->[com.google.android.gms:play-services-measurement:17.0.0] AndroidManifest.xml:45:13-84
100            android:enabled="true"
100-->[com.google.android.gms:play-services-measurement:17.0.0] AndroidManifest.xml:46:13-35
101            android:exported="false" />
101-->[com.google.android.gms:play-services-measurement:17.0.0] AndroidManifest.xml:47:13-37
102        <service
102-->[com.google.android.gms:play-services-measurement:17.0.0] AndroidManifest.xml:48:9-52:72
103            android:name="com.google.android.gms.measurement.AppMeasurementJobService"
103-->[com.google.android.gms:play-services-measurement:17.0.0] AndroidManifest.xml:49:13-87
104            android:enabled="true"
104-->[com.google.android.gms:play-services-measurement:17.0.0] AndroidManifest.xml:50:13-35
105            android:exported="false"
105-->[com.google.android.gms:play-services-measurement:17.0.0] AndroidManifest.xml:51:13-37
106            android:permission="android.permission.BIND_JOB_SERVICE" />
106-->[com.google.android.gms:play-services-measurement:17.0.0] AndroidManifest.xml:52:13-69
107        <service
107-->[com.google.android.gms:play-services-measurement-api:17.0.0] AndroidManifest.xml:27:9-33:19
108            android:name="com.google.firebase.components.ComponentDiscoveryService"
108-->[com.google.android.gms:play-services-measurement-api:17.0.0] AndroidManifest.xml:28:13-84
109            android:exported="false" >
109-->[com.google.android.gms:play-services-measurement-api:17.0.0] AndroidManifest.xml:29:13-37
110            <meta-data
110-->[com.google.android.gms:play-services-measurement-api:17.0.0] AndroidManifest.xml:30:13-32:85
111                android:name="com.google.firebase.components:com.google.firebase.analytics.connector.internal.AnalyticsConnectorRegistrar"
111-->[com.google.android.gms:play-services-measurement-api:17.0.0] AndroidManifest.xml:31:17-139
112                android:value="com.google.firebase.components.ComponentRegistrar" />
112-->[com.google.android.gms:play-services-measurement-api:17.0.0] AndroidManifest.xml:32:17-82
113            <meta-data
113-->[com.google.firebase:firebase-iid:19.0.0] AndroidManifest.xml:32:13-34:85
114                android:name="com.google.firebase.components:com.google.firebase.iid.Registrar"
114-->[com.google.firebase:firebase-iid:19.0.0] AndroidManifest.xml:33:17-96
115                android:value="com.google.firebase.components.ComponentRegistrar" />
115-->[com.google.firebase:firebase-iid:19.0.0] AndroidManifest.xml:34:17-82
116        </service>
117
118        <receiver
118-->[com.google.firebase:firebase-iid:19.0.0] AndroidManifest.xml:37:9-44:20
119            android:name="com.google.firebase.iid.FirebaseInstanceIdReceiver"
119-->[com.google.firebase:firebase-iid:19.0.0] AndroidManifest.xml:38:13-78
120            android:exported="true"
120-->[com.google.firebase:firebase-iid:19.0.0] AndroidManifest.xml:39:13-36
121            android:permission="com.google.android.c2dm.permission.SEND" >
121-->[com.google.firebase:firebase-iid:19.0.0] AndroidManifest.xml:40:13-73
122            <intent-filter>
122-->[com.google.firebase:firebase-iid:19.0.0] AndroidManifest.xml:41:13-43:29
123                <action android:name="com.google.android.c2dm.intent.RECEIVE" />
123-->[com.google.firebase:firebase-iid:19.0.0] AndroidManifest.xml:42:17-81
123-->[com.google.firebase:firebase-iid:19.0.0] AndroidManifest.xml:42:25-78
124            </intent-filter>
125        </receiver>
126
127        <provider
127-->[com.google.firebase:firebase-common:18.0.0] AndroidManifest.xml:12:9-16:39
128            android:name="com.google.firebase.provider.FirebaseInitProvider"
128-->[com.google.firebase:firebase-common:18.0.0] AndroidManifest.xml:13:13-77
129            android:authorities="com.anhttvn.framesphotoart.firebaseinitprovider"
129-->[com.google.firebase:firebase-common:18.0.0] AndroidManifest.xml:14:13-72
130            android:exported="false"
130-->[com.google.firebase:firebase-common:18.0.0] AndroidManifest.xml:15:13-37
131            android:initOrder="100" />
131-->[com.google.firebase:firebase-common:18.0.0] AndroidManifest.xml:16:13-36
132
133        <activity
133-->[com.google.android.gms:play-services-base:17.0.0] AndroidManifest.xml:23:9-26:75
134            android:name="com.google.android.gms.common.api.GoogleApiActivity"
134-->[com.google.android.gms:play-services-base:17.0.0] AndroidManifest.xml:24:13-79
135            android:exported="false"
135-->[com.google.android.gms:play-services-base:17.0.0] AndroidManifest.xml:25:13-37
136            android:theme="@android:style/Theme.Translucent.NoTitleBar" />
136-->[com.google.android.gms:play-services-base:17.0.0] AndroidManifest.xml:26:13-72
137
138        <meta-data
138-->[com.google.android.gms:play-services-basement:17.0.0] AndroidManifest.xml:23:9-25:69
139            android:name="com.google.android.gms.version"
139-->[com.google.android.gms:play-services-basement:17.0.0] AndroidManifest.xml:24:13-58
140            android:value="@integer/google_play_services_version" />
140-->[com.google.android.gms:play-services-basement:17.0.0] AndroidManifest.xml:25:13-66
141    </application>
142
143</manifest>